{"E:\\Health_Appointment\\server\\src\\services\\notificationService.js": {"path":"E:\\Health_Appointment\\server\\src\\services\\notificationService.js","statementMap":{"0":{"start":{"line":1,"column":15},"end":{"line":1,"column":38}},"1":{"start":{"line":2,"column":21},"end":{"line":2,"column":53}},"2":{"start":{"line":6,"column":26},"end":{"line":6,"column":40}},"3":{"start":{"line":7,"column":20},"end":{"line":7,"column":87}},"4":{"start":{"line":8,"column":2},"end":{"line":8,"column":54}},"5":{"start":{"line":13,"column":2},"end":{"line":13,"column":48}},"6":{"start":{"line":13,"column":12},"end":{"line":13,"column":48}},"7":{"start":{"line":14,"column":14},"end":{"line":14,"column":40}},"8":{"start":{"line":15,"column":2},"end":{"line":19,"column":19}},"9":{"start":{"line":33,"column":2},"end":{"line":36,"column":3}},"10":{"start":{"line":34,"column":4},"end":{"line":34,"column":84}},"11":{"start":{"line":35,"column":4},"end":{"line":35,"column":16}},"12":{"start":{"line":38,"column":2},"end":{"line":149,"column":3}},"13":{"start":{"line":40,"column":23},"end":{"line":42,"column":6}},"14":{"start":{"line":44,"column":4},"end":{"line":47,"column":5}},"15":{"start":{"line":45,"column":6},"end":{"line":45,"column":108}},"16":{"start":{"line":46,"column":6},"end":{"line":46,"column":26}},"17":{"start":{"line":49,"column":4},"end":{"line":73,"column":5}},"18":{"start":{"line":50,"column":6},"end":{"line":72,"column":7}},"19":{"start":{"line":51,"column":8},"end":{"line":63,"column":11}},"20":{"start":{"line":65,"column":8},"end":{"line":71,"column":9}},"21":{"start":{"line":66,"column":10},"end":{"line":68,"column":13}},"22":{"start":{"line":70,"column":10},"end":{"line":70,"column":26}},"23":{"start":{"line":76,"column":22},"end":{"line":79,"column":6}},"24":{"start":{"line":81,"column":4},"end":{"line":93,"column":5}},"25":{"start":{"line":82,"column":18},"end":{"line":82,"column":50}},"26":{"start":{"line":83,"column":6},"end":{"line":91,"column":9}},"27":{"start":{"line":92,"column":6},"end":{"line":92,"column":26}},"28":{"start":{"line":96,"column":22},"end":{"line":96,"column":32}},"29":{"start":{"line":97,"column":4},"end":{"line":145,"column":5}},"30":{"start":{"line":98,"column":19},"end":{"line":104,"column":8}},"31":{"start":{"line":106,"column":6},"end":{"line":108,"column":7}},"32":{"start":{"line":107,"column":8},"end":{"line":107,"column":77}},"33":{"start":{"line":110,"column":22},"end":{"line":119,"column":8}},"34":{"start":{"line":121,"column":6},"end":{"line":121,"column":121}},"35":{"start":{"line":122,"column":6},"end":{"line":122,"column":21}},"36":{"start":{"line":124,"column":24},"end":{"line":124,"column":47}},"37":{"start":{"line":125,"column":27},"end":{"line":125,"column":52}},"38":{"start":{"line":126,"column":27},"end":{"line":126,"column":28}},"39":{"start":{"line":128,"column":25},"end":{"line":128,"column":76}},"40":{"start":{"line":129,"column":24},"end":{"line":129,"column":98}},"41":{"start":{"line":131,"column":22},"end":{"line":141,"column":8}},"42":{"start":{"line":143,"column":6},"end":{"line":143,"column":133}},"43":{"start":{"line":144,"column":6},"end":{"line":144,"column":21}},"44":{"start":{"line":147,"column":4},"end":{"line":147,"column":110}},"45":{"start":{"line":148,"column":4},"end":{"line":148,"column":16}},"46":{"start":{"line":154,"column":2},"end":{"line":251,"column":3}},"47":{"start":{"line":155,"column":25},"end":{"line":155,"column":26}},"48":{"start":{"line":156,"column":16},"end":{"line":156,"column":26}},"49":{"start":{"line":159,"column":24},"end":{"line":166,"column":6}},"50":{"start":{"line":168,"column":4},"end":{"line":168,"column":41}},"51":{"start":{"line":168,"column":34},"end":{"line":168,"column":41}},"52":{"start":{"line":170,"column":4},"end":{"line":170,"column":99}},"53":{"start":{"line":172,"column":4},"end":{"line":248,"column":5}},"54":{"start":{"line":174,"column":20},"end":{"line":182,"column":8}},"55":{"start":{"line":184,"column":6},"end":{"line":184,"column":38}},"56":{"start":{"line":184,"column":29},"end":{"line":184,"column":38}},"57":{"start":{"line":186,"column":24},"end":{"line":189,"column":8}},"58":{"start":{"line":191,"column":6},"end":{"line":202,"column":7}},"59":{"start":{"line":192,"column":8},"end":{"line":200,"column":11}},"60":{"start":{"line":201,"column":8},"end":{"line":201,"column":17}},"61":{"start":{"line":204,"column":6},"end":{"line":247,"column":7}},"62":{"start":{"line":205,"column":21},"end":{"line":210,"column":10}},"63":{"start":{"line":212,"column":8},"end":{"line":214,"column":9}},"64":{"start":{"line":213,"column":10},"end":{"line":213,"column":79}},"65":{"start":{"line":216,"column":8},"end":{"line":225,"column":11}},"66":{"start":{"line":227,"column":8},"end":{"line":227,"column":123}},"67":{"start":{"line":229,"column":26},"end":{"line":229,"column":44}},"68":{"start":{"line":230,"column":28},"end":{"line":230,"column":44}},"69":{"start":{"line":231,"column":28},"end":{"line":231,"column":78}},"70":{"start":{"line":232,"column":26},"end":{"line":232,"column":98}},"71":{"start":{"line":234,"column":8},"end":{"line":244,"column":11}},"72":{"start":{"line":246,"column":8},"end":{"line":246,"column":132}},"73":{"start":{"line":250,"column":4},"end":{"line":250,"column":103}},"74":{"start":{"line":254,"column":0},"end":{"line":259,"column":2}}},"fnMap":{"0":{"name":"calculateNextRetryTime","decl":{"start":{"line":5,"column":9},"end":{"line":5,"column":31}},"loc":{"start":{"line":5,"column":46},"end":{"line":9,"column":1}},"line":5},"1":{"name":"sanitizeError","decl":{"start":{"line":12,"column":9},"end":{"line":12,"column":22}},"loc":{"start":{"line":12,"column":28},"end":{"line":20,"column":1}},"line":12},"2":{"name":"createAndSendNotification","decl":{"start":{"line":23,"column":15},"end":{"line":23,"column":40}},"loc":{"start":{"line":32,"column":3},"end":{"line":150,"column":1}},"line":32},"3":{"name":"processNotificationRetries","decl":{"start":{"line":153,"column":15},"end":{"line":153,"column":41}},"loc":{"start":{"line":153,"column":44},"end":{"line":252,"column":1}},"line":153}},"branchMap":{"0":{"loc":{"start":{"line":13,"column":2},"end":{"line":13,"column":48}},"type":"if","locations":[{"start":{"line":13,"column":2},"end":{"line":13,"column":48}},{"start":{},"end":{}}],"line":13},"1":{"loc":{"start":{"line":14,"column":14},"end":{"line":14,"column":40}},"type":"binary-expr","locations":[{"start":{"line":14,"column":14},"end":{"line":14,"column":25}},{"start":{"line":14,"column":29},"end":{"line":14,"column":40}}],"line":14},"2":{"loc":{"start":{"line":26,"column":2},"end":{"line":26,"column":22}},"type":"default-arg","locations":[{"start":{"line":26,"column":18},"end":{"line":26,"column":22}}],"line":26},"3":{"loc":{"start":{"line":28,"column":2},"end":{"line":28,"column":15}},"type":"default-arg","locations":[{"start":{"line":28,"column":13},"end":{"line":28,"column":15}}],"line":28},"4":{"loc":{"start":{"line":29,"column":2},"end":{"line":29,"column":17}},"type":"default-arg","locations":[{"start":{"line":29,"column":13},"end":{"line":29,"column":17}}],"line":29},"5":{"loc":{"start":{"line":31,"column":2},"end":{"line":31,"column":20}},"type":"default-arg","locations":[{"start":{"line":31,"column":16},"end":{"line":31,"column":20}}],"line":31},"6":{"loc":{"start":{"line":33,"column":2},"end":{"line":36,"column":3}},"type":"if","locations":[{"start":{"line":33,"column":2},"end":{"line":36,"column":3}},{"start":{},"end":{}}],"line":33},"7":{"loc":{"start":{"line":33,"column":6},"end":{"line":33,"column":56}},"type":"binary-expr","locations":[{"start":{"line":33,"column":6},"end":{"line":33,"column":22}},{"start":{"line":33,"column":26},"end":{"line":33,"column":31}},{"start":{"line":33,"column":35},"end":{"line":33,"column":43}},{"start":{"line":33,"column":47},"end":{"line":33,"column":56}}],"line":33},"8":{"loc":{"start":{"line":44,"column":4},"end":{"line":47,"column":5}},"type":"if","locations":[{"start":{"line":44,"column":4},"end":{"line":47,"column":5}},{"start":{},"end":{}}],"line":44},"9":{"loc":{"start":{"line":44,"column":8},"end":{"line":44,"column":54}},"type":"binary-expr","locations":[{"start":{"line":44,"column":8},"end":{"line":44,"column":20}},{"start":{"line":44,"column":24},"end":{"line":44,"column":54}}],"line":44},"10":{"loc":{"start":{"line":49,"column":4},"end":{"line":73,"column":5}},"type":"if","locations":[{"start":{"line":49,"column":4},"end":{"line":73,"column":5}},{"start":{},"end":{}}],"line":49},"11":{"loc":{"start":{"line":57,"column":22},"end":{"line":57,"column":36}},"type":"binary-expr","locations":[{"start":{"line":57,"column":22},"end":{"line":57,"column":30}},{"start":{"line":57,"column":34},"end":{"line":57,"column":36}}],"line":57},"12":{"loc":{"start":{"line":65,"column":8},"end":{"line":71,"column":9}},"type":"if","locations":[{"start":{"line":65,"column":8},"end":{"line":71,"column":9}},{"start":{"line":69,"column":15},"end":{"line":71,"column":9}}],"line":65},"13":{"loc":{"start":{"line":81,"column":4},"end":{"line":93,"column":5}},"type":"if","locations":[{"start":{"line":81,"column":4},"end":{"line":93,"column":5}},{"start":{},"end":{}}],"line":81},"14":{"loc":{"start":{"line":81,"column":8},"end":{"line":81,"column":38}},"type":"binary-expr","locations":[{"start":{"line":81,"column":8},"end":{"line":81,"column":18}},{"start":{"line":81,"column":22},"end":{"line":81,"column":38}}],"line":81},"15":{"loc":{"start":{"line":106,"column":6},"end":{"line":108,"column":7}},"type":"if","locations":[{"start":{"line":106,"column":6},"end":{"line":108,"column":7}},{"start":{},"end":{}}],"line":106},"16":{"loc":{"start":{"line":128,"column":25},"end":{"line":128,"column":76}},"type":"cond-expr","locations":[{"start":{"line":128,"column":56},"end":{"line":128,"column":64}},{"start":{"line":128,"column":67},"end":{"line":128,"column":76}}],"line":128},"17":{"loc":{"start":{"line":129,"column":24},"end":{"line":129,"column":98}},"type":"cond-expr","locations":[{"start":{"line":129,"column":55},"end":{"line":129,"column":59}},{"start":{"line":129,"column":62},"end":{"line":129,"column":98}}],"line":129},"18":{"loc":{"start":{"line":139,"column":14},"end":{"line":139,"column":65}},"type":"binary-expr","locations":[{"start":{"line":139,"column":14},"end":{"line":139,"column":37}},{"start":{"line":139,"column":41},"end":{"line":139,"column":65}}],"line":139},"19":{"loc":{"start":{"line":168,"column":4},"end":{"line":168,"column":41}},"type":"if","locations":[{"start":{"line":168,"column":4},"end":{"line":168,"column":41}},{"start":{},"end":{}}],"line":168},"20":{"loc":{"start":{"line":184,"column":6},"end":{"line":184,"column":38}},"type":"if","locations":[{"start":{"line":184,"column":6},"end":{"line":184,"column":38}},{"start":{},"end":{}}],"line":184},"21":{"loc":{"start":{"line":191,"column":6},"end":{"line":202,"column":7}},"type":"if","locations":[{"start":{"line":191,"column":6},"end":{"line":202,"column":7}},{"start":{},"end":{}}],"line":191},"22":{"loc":{"start":{"line":191,"column":10},"end":{"line":191,"column":40}},"type":"binary-expr","locations":[{"start":{"line":191,"column":10},"end":{"line":191,"column":20}},{"start":{"line":191,"column":24},"end":{"line":191,"column":40}}],"line":191},"23":{"loc":{"start":{"line":208,"column":16},"end":{"line":208,"column":34}},"type":"binary-expr","locations":[{"start":{"line":208,"column":16},"end":{"line":208,"column":28}},{"start":{"line":208,"column":32},"end":{"line":208,"column":34}}],"line":208},"24":{"loc":{"start":{"line":212,"column":8},"end":{"line":214,"column":9}},"type":"if","locations":[{"start":{"line":212,"column":8},"end":{"line":214,"column":9}},{"start":{},"end":{}}],"line":212},"25":{"loc":{"start":{"line":231,"column":28},"end":{"line":231,"column":78}},"type":"cond-expr","locations":[{"start":{"line":231,"column":58},"end":{"line":231,"column":66}},{"start":{"line":231,"column":69},"end":{"line":231,"column":78}}],"line":231},"26":{"loc":{"start":{"line":232,"column":26},"end":{"line":232,"column":98}},"type":"cond-expr","locations":[{"start":{"line":232,"column":56},"end":{"line":232,"column":60}},{"start":{"line":232,"column":63},"end":{"line":232,"column":98}}],"line":232},"27":{"loc":{"start":{"line":242,"column":16},"end":{"line":242,"column":68}},"type":"binary-expr","locations":[{"start":{"line":242,"column":16},"end":{"line":242,"column":40}},{"start":{"line":242,"column":44},"end":{"line":242,"column":68}}],"line":242}},"s":{"0":3,"1":3,"2":2,"3":2,"4":2,"5":3,"6":0,"7":3,"8":3,"9":5,"10":0,"11":0,"12":5,"13":5,"14":5,"15":0,"16":0,"17":5,"18":5,"19":5,"20":1,"21":1,"22":0,"23":5,"24":5,"25":0,"26":0,"27":0,"28":5,"29":5,"30":5,"31":5,"32":1,"33":4,"34":4,"35":4,"36":1,"37":1,"38":1,"39":1,"40":1,"41":1,"42":1,"43":1,"44":0,"45":0,"46":3,"47":3,"48":3,"49":3,"50":3,"51":1,"52":2,"53":2,"54":2,"55":2,"56":0,"57":2,"58":2,"59":0,"60":0,"61":2,"62":2,"63":2,"64":2,"65":0,"66":0,"67":2,"68":2,"69":2,"70":2,"71":2,"72":2,"73":0,"74":3},"f":{"0":2,"1":3,"2":5,"3":3},"b":{"0":[0,3],"1":[3,0],"2":[3],"3":[0],"4":[5],"5":[4],"6":[0,5],"7":[5,5,5,5],"8":[0,5],"9":[5,0],"10":[5,0],"11":[5,0],"12":[1,0],"13":[0,5],"14":[5,5],"15":[1,4],"16":[0,1],"17":[0,1],"18":[1,0],"19":[1,2],"20":[0,2],"21":[0,2],"22":[2,2],"23":[2,0],"24":[2,0],"25":[1,1],"26":[1,1],"27":[2,1]},"_coverageSchema":"1a1c01bbd47fc00a2c39e90264f33305004495a9","hash":"3a2bf0f86a2fbf782b0bbb8487af283597985862"}
,"E:\\Health_Appointment\\server\\src\\utils\\postVisitGuardrail.js": {"path":"E:\\Health_Appointment\\server\\src\\utils\\postVisitGuardrail.js","statementMap":{"0":{"start":{"line":1,"column":14},"end":{"line":1,"column":28}},"1":{"start":{"line":4,"column":29},"end":{"line":9,"column":2}},"2":{"start":{"line":11,"column":31},"end":{"line":18,"column":2}},"3":{"start":{"line":22,"column":2},"end":{"line":22,"column":22}},"4":{"start":{"line":22,"column":12},"end":{"line":22,"column":22}},"5":{"start":{"line":23,"column":2},"end":{"line":27,"column":12}},"6":{"start":{"line":32,"column":21},"end":{"line":32,"column":66}},"7":{"start":{"line":33,"column":2},"end":{"line":42,"column":3}},"8":{"start":{"line":34,"column":4},"end":{"line":41,"column":6}},"9":{"start":{"line":43,"column":2},"end":{"line":50,"column":4}},"10":{"start":{"line":55,"column":15},"end":{"line":55,"column":39}},"11":{"start":{"line":57,"column":2},"end":{"line":74,"column":3}},"12":{"start":{"line":58,"column":4},"end":{"line":60,"column":5}},"13":{"start":{"line":59,"column":6},"end":{"line":59,"column":60}},"14":{"start":{"line":61,"column":4},"end":{"line":63,"column":5}},"15":{"start":{"line":62,"column":6},"end":{"line":62,"column":71}},"16":{"start":{"line":64,"column":4},"end":{"line":73,"column":5}},"17":{"start":{"line":65,"column":6},"end":{"line":72,"column":9}},"18":{"start":{"line":66,"column":8},"end":{"line":71,"column":9}},"19":{"start":{"line":67,"column":10},"end":{"line":67,"column":50}},"20":{"start":{"line":68,"column":10},"end":{"line":68,"column":52}},"21":{"start":{"line":69,"column":10},"end":{"line":69,"column":55}},"22":{"start":{"line":70,"column":10},"end":{"line":70,"column":54}},"23":{"start":{"line":76,"column":2},"end":{"line":76,"column":16}},"24":{"start":{"line":81,"column":27},"end":{"line":81,"column":73}},"25":{"start":{"line":84,"column":2},"end":{"line":86,"column":3}},"26":{"start":{"line":85,"column":4},"end":{"line":85,"column":57}},"27":{"start":{"line":88,"column":24},"end":{"line":88,"column":26}},"28":{"start":{"line":91,"column":2},"end":{"line":102,"column":3}},"29":{"start":{"line":92,"column":4},"end":{"line":101,"column":5}},"30":{"start":{"line":93,"column":23},"end":{"line":93,"column":42}},"31":{"start":{"line":94,"column":6},"end":{"line":100,"column":7}},"32":{"start":{"line":95,"column":22},"end":{"line":95,"column":69}},"33":{"start":{"line":95,"column":56},"end":{"line":95,"column":68}},"34":{"start":{"line":96,"column":26},"end":{"line":96,"column":73}},"35":{"start":{"line":96,"column":44},"end":{"line":96,"column":72}},"36":{"start":{"line":97,"column":8},"end":{"line":99,"column":9}},"37":{"start":{"line":98,"column":10},"end":{"line":98,"column":75}},"38":{"start":{"line":105,"column":2},"end":{"line":118,"column":3}},"39":{"start":{"line":106,"column":4},"end":{"line":117,"column":5}},"40":{"start":{"line":107,"column":6},"end":{"line":116,"column":7}},"41":{"start":{"line":108,"column":28},"end":{"line":108,"column":51}},"42":{"start":{"line":109,"column":8},"end":{"line":115,"column":9}},"43":{"start":{"line":110,"column":27},"end":{"line":110,"column":78}},"44":{"start":{"line":110,"column":64},"end":{"line":110,"column":77}},"45":{"start":{"line":111,"column":28},"end":{"line":111,"column":122}},"46":{"start":{"line":111,"column":49},"end":{"line":111,"column":121}},"47":{"start":{"line":112,"column":10},"end":{"line":114,"column":11}},"48":{"start":{"line":113,"column":12},"end":{"line":113,"column":82}},"49":{"start":{"line":121,"column":2},"end":{"line":128,"column":3}},"50":{"start":{"line":122,"column":4},"end":{"line":127,"column":5}},"51":{"start":{"line":123,"column":23},"end":{"line":123,"column":46}},"52":{"start":{"line":124,"column":6},"end":{"line":126,"column":7}},"53":{"start":{"line":125,"column":8},"end":{"line":125,"column":72}},"54":{"start":{"line":131,"column":2},"end":{"line":138,"column":3}},"55":{"start":{"line":132,"column":4},"end":{"line":137,"column":5}},"56":{"start":{"line":133,"column":23},"end":{"line":133,"column":42}},"57":{"start":{"line":134,"column":6},"end":{"line":136,"column":7}},"58":{"start":{"line":135,"column":8},"end":{"line":135,"column":71}},"59":{"start":{"line":141,"column":26},"end":{"line":141,"column":77}},"60":{"start":{"line":142,"column":2},"end":{"line":153,"column":3}},"61":{"start":{"line":143,"column":25},"end":{"line":143,"column":57}},"62":{"start":{"line":144,"column":4},"end":{"line":152,"column":5}},"63":{"start":{"line":145,"column":28},"end":{"line":145,"column":79}},"64":{"start":{"line":145,"column":66},"end":{"line":145,"column":78}},"65":{"start":{"line":146,"column":34},"end":{"line":146,"column":95}},"66":{"start":{"line":146,"column":63},"end":{"line":146,"column":94}},"67":{"start":{"line":148,"column":6},"end":{"line":151,"column":7}},"68":{"start":{"line":149,"column":8},"end":{"line":149,"column":94}},"69":{"start":{"line":150,"column":8},"end":{"line":150,"column":59}},"70":{"start":{"line":155,"column":27},"end":{"line":155,"column":51}},"71":{"start":{"line":157,"column":2},"end":{"line":167,"column":4}},"72":{"start":{"line":170,"column":0},"end":{"line":175,"column":2}}},"fnMap":{"0":{"name":"normalizeText","decl":{"start":{"line":21,"column":9},"end":{"line":21,"column":22}},"loc":{"start":{"line":21,"column":28},"end":{"line":28,"column":1}},"line":21},"1":{"name":"getPostVisitFallback","decl":{"start":{"line":31,"column":9},"end":{"line":31,"column":29}},"loc":{"start":{"line":31,"column":41},"end":{"line":51,"column":1}},"line":31},"2":{"name":"buildSearchableSource","decl":{"start":{"line":54,"column":9},"end":{"line":54,"column":30}},"loc":{"start":{"line":54,"column":56},"end":{"line":77,"column":1}},"line":54},"3":{"name":"(anonymous_3)","decl":{"start":{"line":65,"column":37},"end":{"line":65,"column":38}},"loc":{"start":{"line":65,"column":46},"end":{"line":72,"column":7}},"line":65},"4":{"name":"validateSourceGrounding","decl":{"start":{"line":80,"column":9},"end":{"line":80,"column":32}},"loc":{"start":{"line":80,"column":68},"end":{"line":168,"column":1}},"line":80},"5":{"name":"(anonymous_5)","decl":{"start":{"line":95,"column":49},"end":{"line":95,"column":50}},"loc":{"start":{"line":95,"column":56},"end":{"line":95,"column":68}},"line":95},"6":{"name":"(anonymous_6)","decl":{"start":{"line":96,"column":37},"end":{"line":96,"column":38}},"loc":{"start":{"line":96,"column":44},"end":{"line":96,"column":72}},"line":96},"7":{"name":"(anonymous_7)","decl":{"start":{"line":110,"column":57},"end":{"line":110,"column":58}},"loc":{"start":{"line":110,"column":64},"end":{"line":110,"column":77}},"line":110},"8":{"name":"(anonymous_8)","decl":{"start":{"line":111,"column":42},"end":{"line":111,"column":43}},"loc":{"start":{"line":111,"column":49},"end":{"line":111,"column":121}},"line":111},"9":{"name":"(anonymous_9)","decl":{"start":{"line":145,"column":59},"end":{"line":145,"column":60}},"loc":{"start":{"line":145,"column":66},"end":{"line":145,"column":78}},"line":145},"10":{"name":"(anonymous_10)","decl":{"start":{"line":146,"column":53},"end":{"line":146,"column":54}},"loc":{"start":{"line":146,"column":63},"end":{"line":146,"column":94}},"line":146}},"branchMap":{"0":{"loc":{"start":{"line":22,"column":2},"end":{"line":22,"column":22}},"type":"if","locations":[{"start":{"line":22,"column":2},"end":{"line":22,"column":22}},{"start":{},"end":{}}],"line":22},"1":{"loc":{"start":{"line":32,"column":21},"end":{"line":32,"column":66}},"type":"binary-expr","locations":[{"start":{"line":32,"column":22},"end":{"line":32,"column":31}},{"start":{"line":32,"column":35},"end":{"line":32,"column":59}},{"start":{"line":32,"column":64},"end":{"line":32,"column":66}}],"line":32},"2":{"loc":{"start":{"line":33,"column":2},"end":{"line":42,"column":3}},"type":"if","locations":[{"start":{"line":33,"column":2},"end":{"line":42,"column":3}},{"start":{},"end":{}}],"line":33},"3":{"loc":{"start":{"line":57,"column":2},"end":{"line":74,"column":3}},"type":"if","locations":[{"start":{"line":57,"column":2},"end":{"line":74,"column":3}},{"start":{},"end":{}}],"line":57},"4":{"loc":{"start":{"line":57,"column":6},"end":{"line":57,"column":54}},"type":"binary-expr","locations":[{"start":{"line":57,"column":6},"end":{"line":57,"column":18}},{"start":{"line":57,"column":22},"end":{"line":57,"column":54}}],"line":57},"5":{"loc":{"start":{"line":58,"column":4},"end":{"line":60,"column":5}},"type":"if","locations":[{"start":{"line":58,"column":4},"end":{"line":60,"column":5}},{"start":{},"end":{}}],"line":58},"6":{"loc":{"start":{"line":61,"column":4},"end":{"line":63,"column":5}},"type":"if","locations":[{"start":{"line":61,"column":4},"end":{"line":63,"column":5}},{"start":{},"end":{}}],"line":61},"7":{"loc":{"start":{"line":64,"column":4},"end":{"line":73,"column":5}},"type":"if","locations":[{"start":{"line":64,"column":4},"end":{"line":73,"column":5}},{"start":{},"end":{}}],"line":64},"8":{"loc":{"start":{"line":66,"column":8},"end":{"line":71,"column":9}},"type":"if","locations":[{"start":{"line":66,"column":8},"end":{"line":71,"column":9}},{"start":{},"end":{}}],"line":66},"9":{"loc":{"start":{"line":66,"column":12},"end":{"line":66,"column":42}},"type":"binary-expr","locations":[{"start":{"line":66,"column":12},"end":{"line":66,"column":15}},{"start":{"line":66,"column":19},"end":{"line":66,"column":42}}],"line":66},"10":{"loc":{"start":{"line":84,"column":2},"end":{"line":86,"column":3}},"type":"if","locations":[{"start":{"line":84,"column":2},"end":{"line":86,"column":3}},{"start":{},"end":{}}],"line":84},"11":{"loc":{"start":{"line":84,"column":6},"end":{"line":84,"column":57}},"type":"binary-expr","locations":[{"start":{"line":84,"column":6},"end":{"line":84,"column":23}},{"start":{"line":84,"column":27},"end":{"line":84,"column":57}}],"line":84},"12":{"loc":{"start":{"line":91,"column":2},"end":{"line":102,"column":3}},"type":"if","locations":[{"start":{"line":91,"column":2},"end":{"line":102,"column":3}},{"start":{},"end":{}}],"line":91},"13":{"loc":{"start":{"line":94,"column":6},"end":{"line":100,"column":7}},"type":"if","locations":[{"start":{"line":94,"column":6},"end":{"line":100,"column":7}},{"start":{},"end":{}}],"line":94},"14":{"loc":{"start":{"line":94,"column":10},"end":{"line":94,"column":58}},"type":"binary-expr","locations":[{"start":{"line":94,"column":10},"end":{"line":94,"column":18}},{"start":{"line":94,"column":22},"end":{"line":94,"column":58}}],"line":94},"15":{"loc":{"start":{"line":97,"column":8},"end":{"line":99,"column":9}},"type":"if","locations":[{"start":{"line":97,"column":8},"end":{"line":99,"column":9}},{"start":{},"end":{}}],"line":97},"16":{"loc":{"start":{"line":105,"column":2},"end":{"line":118,"column":3}},"type":"if","locations":[{"start":{"line":105,"column":2},"end":{"line":118,"column":3}},{"start":{},"end":{}}],"line":105},"17":{"loc":{"start":{"line":107,"column":6},"end":{"line":116,"column":7}},"type":"if","locations":[{"start":{"line":107,"column":6},"end":{"line":116,"column":7}},{"start":{},"end":{}}],"line":107},"18":{"loc":{"start":{"line":107,"column":10},"end":{"line":107,"column":25}},"type":"binary-expr","locations":[{"start":{"line":107,"column":10},"end":{"line":107,"column":13}},{"start":{"line":107,"column":17},"end":{"line":107,"column":25}}],"line":107},"19":{"loc":{"start":{"line":109,"column":8},"end":{"line":115,"column":9}},"type":"if","locations":[{"start":{"line":109,"column":8},"end":{"line":115,"column":9}},{"start":{},"end":{}}],"line":109},"20":{"loc":{"start":{"line":109,"column":12},"end":{"line":109,"column":66}},"type":"binary-expr","locations":[{"start":{"line":109,"column":12},"end":{"line":109,"column":23}},{"start":{"line":109,"column":27},"end":{"line":109,"column":66}}],"line":109},"21":{"loc":{"start":{"line":111,"column":49},"end":{"line":111,"column":121}},"type":"binary-expr","locations":[{"start":{"line":111,"column":49},"end":{"line":111,"column":77}},{"start":{"line":111,"column":81},"end":{"line":111,"column":121}}],"line":111},"22":{"loc":{"start":{"line":112,"column":10},"end":{"line":114,"column":11}},"type":"if","locations":[{"start":{"line":112,"column":10},"end":{"line":114,"column":11}},{"start":{},"end":{}}],"line":112},"23":{"loc":{"start":{"line":121,"column":2},"end":{"line":128,"column":3}},"type":"if","locations":[{"start":{"line":121,"column":2},"end":{"line":128,"column":3}},{"start":{},"end":{}}],"line":121},"24":{"loc":{"start":{"line":124,"column":6},"end":{"line":126,"column":7}},"type":"if","locations":[{"start":{"line":124,"column":6},"end":{"line":126,"column":7}},{"start":{},"end":{}}],"line":124},"25":{"loc":{"start":{"line":124,"column":10},"end":{"line":124,"column":58}},"type":"binary-expr","locations":[{"start":{"line":124,"column":10},"end":{"line":124,"column":18}},{"start":{"line":124,"column":22},"end":{"line":124,"column":58}}],"line":124},"26":{"loc":{"start":{"line":131,"column":2},"end":{"line":138,"column":3}},"type":"if","locations":[{"start":{"line":131,"column":2},"end":{"line":138,"column":3}},{"start":{},"end":{}}],"line":131},"27":{"loc":{"start":{"line":134,"column":6},"end":{"line":136,"column":7}},"type":"if","locations":[{"start":{"line":134,"column":6},"end":{"line":136,"column":7}},{"start":{},"end":{}}],"line":134},"28":{"loc":{"start":{"line":134,"column":10},"end":{"line":134,"column":58}},"type":"binary-expr","locations":[{"start":{"line":134,"column":10},"end":{"line":134,"column":18}},{"start":{"line":134,"column":22},"end":{"line":134,"column":58}}],"line":134},"29":{"loc":{"start":{"line":141,"column":26},"end":{"line":141,"column":77}},"type":"binary-expr","locations":[{"start":{"line":141,"column":26},"end":{"line":141,"column":43}},{"start":{"line":141,"column":47},"end":{"line":141,"column":77}}],"line":141},"30":{"loc":{"start":{"line":142,"column":2},"end":{"line":153,"column":3}},"type":"if","locations":[{"start":{"line":142,"column":2},"end":{"line":153,"column":3}},{"start":{},"end":{}}],"line":142},"31":{"loc":{"start":{"line":142,"column":6},"end":{"line":142,"column":79}},"type":"binary-expr","locations":[{"start":{"line":142,"column":6},"end":{"line":142,"column":23}},{"start":{"line":142,"column":27},"end":{"line":142,"column":79}}],"line":142},"32":{"loc":{"start":{"line":144,"column":4},"end":{"line":152,"column":5}},"type":"if","locations":[{"start":{"line":144,"column":4},"end":{"line":152,"column":5}},{"start":{},"end":{}}],"line":144},"33":{"loc":{"start":{"line":144,"column":8},"end":{"line":144,"column":64}},"type":"binary-expr","locations":[{"start":{"line":144,"column":8},"end":{"line":144,"column":20}},{"start":{"line":144,"column":24},"end":{"line":144,"column":64}}],"line":144},"34":{"loc":{"start":{"line":148,"column":6},"end":{"line":151,"column":7}},"type":"if","locations":[{"start":{"line":148,"column":6},"end":{"line":151,"column":7}},{"start":{},"end":{}}],"line":148}},"s":{"0":3,"1":3,"2":3,"3":40,"4":0,"5":40,"6":0,"7":0,"8":0,"9":0,"10":4,"11":4,"12":4,"13":4,"14":4,"15":3,"16":4,"17":4,"18":4,"19":4,"20":4,"21":4,"22":4,"23":4,"24":4,"25":4,"26":0,"27":4,"28":4,"29":4,"30":4,"31":4,"32":1,"33":2,"34":1,"35":2,"36":1,"37":1,"38":4,"39":4,"40":5,"41":5,"42":5,"43":2,"44":3,"45":2,"46":3,"47":2,"48":1,"49":4,"50":4,"51":0,"52":0,"53":0,"54":4,"55":4,"56":0,"57":0,"58":0,"59":4,"60":4,"61":4,"62":4,"63":1,"64":4,"65":1,"66":3,"67":1,"68":1,"69":1,"70":4,"71":4,"72":3},"f":{"0":40,"1":0,"2":4,"3":4,"4":4,"5":2,"6":2,"7":3,"8":3,"9":4,"10":3},"b":{"0":[0,40],"1":[0,0,0],"2":[0,0],"3":[4,0],"4":[4,4],"5":[4,0],"6":[3,1],"7":[4,0],"8":[4,0],"9":[4,4],"10":[0,4],"11":[4,4],"12":[4,0],"13":[1,3],"14":[4,4],"15":[1,0],"16":[4,0],"17":[5,0],"18":[5,5],"19":[2,3],"20":[5,5],"21":[3,2],"22":[1,1],"23":[4,0],"24":[0,0],"25":[0,0],"26":[4,0],"27":[0,0],"28":[0,0],"29":[4,0],"30":[4,0],"31":[4,4],"32":[1,3],"33":[4,4],"34":[1,0]},"_coverageSchema":"1a1c01bbd47fc00a2c39e90264f33305004495a9","hash":"4a943f6c01e87a1a027dd78cb6435a3dfcbe1841"}
}
