TN:
SF:src\services\notificationService.js
FN:5,calculateNextRetryTime
FN:12,sanitizeError
FN:23,createAndSendNotification
FN:153,processNotificationRetries
FNF:4
FNH:4
FNDA:2,calculateNextRetryTime
FNDA:3,sanitizeError
FNDA:5,createAndSendNotification
FNDA:3,processNotificationRetries
DA:1,3
DA:2,3
DA:6,2
DA:7,2
DA:8,2
DA:13,3
DA:14,3
DA:15,3
DA:33,5
DA:34,0
DA:35,0
DA:38,5
DA:40,5
DA:44,5
DA:45,0
DA:46,0
DA:49,5
DA:50,5
DA:51,5
DA:65,1
DA:66,1
DA:70,0
DA:76,5
DA:81,5
DA:82,0
DA:83,0
DA:92,0
DA:96,5
DA:97,5
DA:98,5
DA:106,5
DA:107,1
DA:110,4
DA:121,4
DA:122,4
DA:124,1
DA:125,1
DA:126,1
DA:128,1
DA:129,1
DA:131,1
DA:143,1
DA:144,1
DA:147,0
DA:148,0
DA:154,3
DA:155,3
DA:156,3
DA:159,3
DA:168,3
DA:170,2
DA:172,2
DA:174,2
DA:184,2
DA:186,2
DA:191,2
DA:192,0
DA:201,0
DA:204,2
DA:205,2
DA:212,2
DA:213,2
DA:216,0
DA:227,0
DA:229,2
DA:230,2
DA:231,2
DA:232,2
DA:234,2
DA:246,2
DA:250,0
DA:254,3
LF:72
LH:57
BRDA:13,0,0,0
BRDA:13,0,1,3
BRDA:14,1,0,3
BRDA:14,1,1,0
BRDA:26,2,0,3
BRDA:28,3,0,0
BRDA:29,4,0,5
BRDA:31,5,0,4
BRDA:33,6,0,0
BRDA:33,6,1,5
BRDA:33,7,0,5
BRDA:33,7,1,5
BRDA:33,7,2,5
BRDA:33,7,3,5
BRDA:44,8,0,0
BRDA:44,8,1,5
BRDA:44,9,0,5
BRDA:44,9,1,0
BRDA:49,10,0,5
BRDA:49,10,1,0
BRDA:57,11,0,5
BRDA:57,11,1,0
BRDA:65,12,0,1
BRDA:65,12,1,0
BRDA:81,13,0,0
BRDA:81,13,1,5
BRDA:81,14,0,5
BRDA:81,14,1,5
BRDA:106,15,0,1
BRDA:106,15,1,4
BRDA:128,16,0,0
BRDA:128,16,1,1
BRDA:129,17,0,0
BRDA:129,17,1,1
BRDA:139,18,0,1
BRDA:139,18,1,0
BRDA:168,19,0,1
BRDA:168,19,1,2
BRDA:184,20,0,0
BRDA:184,20,1,2
BRDA:191,21,0,0
BRDA:191,21,1,2
BRDA:191,22,0,2
BRDA:191,22,1,2
BRDA:208,23,0,2
BRDA:208,23,1,0
BRDA:212,24,0,2
BRDA:212,24,1,0
BRDA:231,25,0,1
BRDA:231,25,1,1
BRDA:232,26,0,1
BRDA:232,26,1,1
BRDA:242,27,0,2
BRDA:242,27,1,1
BRF:54
BRH:37
end_of_record
TN:
SF:src\utils\postVisitGuardrail.js
FN:21,normalizeText
FN:31,getPostVisitFallback
FN:54,buildSearchableSource
FN:65,(anonymous_3)
FN:80,validateSourceGrounding
FN:95,(anonymous_5)
FN:96,(anonymous_6)
FN:110,(anonymous_7)
FN:111,(anonymous_8)
FN:145,(anonymous_9)
FN:146,(anonymous_10)
FNF:11
FNH:10
FNDA:40,normalizeText
FNDA:0,getPostVisitFallback
FNDA:4,buildSearchableSource
FNDA:4,(anonymous_3)
FNDA:4,validateSourceGrounding
FNDA:2,(anonymous_5)
FNDA:2,(anonymous_6)
FNDA:3,(anonymous_7)
FNDA:3,(anonymous_8)
FNDA:4,(anonymous_9)
FNDA:3,(anonymous_10)
DA:1,3
DA:4,3
DA:11,3
DA:22,40
DA:23,40
DA:32,0
DA:33,0
DA:34,0
DA:43,0
DA:55,4
DA:57,4
DA:58,4
DA:59,4
DA:61,4
DA:62,3
DA:64,4
DA:65,4
DA:66,4
DA:67,4
DA:68,4
DA:69,4
DA:70,4
DA:76,4
DA:81,4
DA:84,4
DA:85,0
DA:88,4
DA:91,4
DA:92,4
DA:93,4
DA:94,4
DA:95,2
DA:96,2
DA:97,1
DA:98,1
DA:105,4
DA:106,4
DA:107,5
DA:108,5
DA:109,5
DA:110,3
DA:111,3
DA:112,2
DA:113,1
DA:121,4
DA:122,4
DA:123,0
DA:124,0
DA:125,0
DA:131,4
DA:132,4
DA:133,0
DA:134,0
DA:135,0
DA:141,4
DA:142,4
DA:143,4
DA:144,4
DA:145,4
DA:146,3
DA:148,1
DA:149,1
DA:150,1
DA:155,4
DA:157,4
DA:170,3
LF:66
LH:55
BRDA:22,0,0,0
BRDA:22,0,1,40
BRDA:32,1,0,0
BRDA:32,1,1,0
BRDA:32,1,2,0
BRDA:33,2,0,0
BRDA:33,2,1,0
BRDA:57,3,0,4
BRDA:57,3,1,0
BRDA:57,4,0,4
BRDA:57,4,1,4
BRDA:58,5,0,4
BRDA:58,5,1,0
BRDA:61,6,0,3
BRDA:61,6,1,1
BRDA:64,7,0,4
BRDA:64,7,1,0
BRDA:66,8,0,4
BRDA:66,8,1,0
BRDA:66,9,0,4
BRDA:66,9,1,4
BRDA:84,10,0,0
BRDA:84,10,1,4
BRDA:84,11,0,4
BRDA:84,11,1,4
BRDA:91,12,0,4
BRDA:91,12,1,0
BRDA:94,13,0,1
BRDA:94,13,1,3
BRDA:94,14,0,4
BRDA:94,14,1,4
BRDA:97,15,0,1
BRDA:97,15,1,0
BRDA:105,16,0,4
BRDA:105,16,1,0
BRDA:107,17,0,5
BRDA:107,17,1,0
BRDA:107,18,0,5
BRDA:107,18,1,5
BRDA:109,19,0,2
BRDA:109,19,1,3
BRDA:109,20,0,5
BRDA:109,20,1,5
BRDA:111,21,0,3
BRDA:111,21,1,2
BRDA:112,22,0,1
BRDA:112,22,1,1
BRDA:121,23,0,4
BRDA:121,23,1,0
BRDA:124,24,0,0
BRDA:124,24,1,0
BRDA:124,25,0,0
BRDA:124,25,1,0
BRDA:131,26,0,4
BRDA:131,26,1,0
BRDA:134,27,0,0
BRDA:134,27,1,0
BRDA:134,28,0,0
BRDA:134,28,1,0
BRDA:141,29,0,4
BRDA:141,29,1,0
BRDA:142,30,0,4
BRDA:142,30,1,0
BRDA:142,31,0,4
BRDA:142,31,1,4
BRDA:144,32,0,1
BRDA:144,32,1,3
BRDA:144,33,0,4
BRDA:144,33,1,4
BRDA:148,34,0,1
BRDA:148,34,1,0
BRF:71
BRH:43
end_of_record
